[2025-03-15 12:53:00] production.ERROR: file_get_contents(D:\Kuliah SMT4 - TRPL 2D\Konstruksi dan Evolusi\movieDB\movie\.env): Failed to open stream: No such file or directory {"exception":"[object] (ErrorException(code: 0): file_get_contents(D:\\Kuliah SMT4 - TRPL 2D\\Konstruksi dan Evolusi\\movieDB\\movie\\.env): Failed to open stream: No such file or directory at D:\\Kuliah SMT4 - TRPL 2D\\Konstruksi dan Evolusi\\movieDB\\movie\\vendor\\laravel\\framework\\src\\Illuminate\\Foundation\\Console\\KeyGenerateCommand.php:100)
[stacktrace]
#0 D:\\Kuliah SMT4 - TRPL 2D\\Konstruksi dan Evolusi\\movieDB\\movie\\vendor\\laravel\\framework\\src\\Illuminate\\Foundation\\Bootstrap\\HandleExceptions.php(255): Illuminate\\Foundation\\Bootstrap\\HandleExceptions->handleError(2, 'file_get_conten...', 'D:\\\\Kuliah SMT4 ...', 100)
#1 [internal function]: Illuminate\\Foundation\\Bootstrap\\HandleExceptions->Illuminate\\Foundation\\Bootstrap\\{closure}(2, 'file_get_conten...', 'D:\\\\Kuliah SMT4 ...', 100)
#2 D:\\Kuliah SMT4 - TRPL 2D\\Konstruksi dan Evolusi\\movieDB\\movie\\vendor\\laravel\\framework\\src\\Illuminate\\Foundation\\Console\\KeyGenerateCommand.php(100): file_get_contents('D:\\\\Kuliah SMT4 ...')
#3 D:\\Kuliah SMT4 - TRPL 2D\\Konstruksi dan Evolusi\\movieDB\\movie\\vendor\\laravel\\framework\\src\\Illuminate\\Foundation\\Console\\KeyGenerateCommand.php(82): Illuminate\\Foundation\\Console\\KeyGenerateCommand->writeNewEnvironmentFileWith('base64:hREu2dnS...')
#4 D:\\Kuliah SMT4 - TRPL 2D\\Konstruksi dan Evolusi\\movieDB\\movie\\vendor\\laravel\\framework\\src\\Illuminate\\Foundation\\Console\\KeyGenerateCommand.php(47): Illuminate\\Foundation\\Console\\KeyGenerateCommand->setKeyInEnvironmentFile('base64:hREu2dnS...')
#5 D:\\Kuliah SMT4 - TRPL 2D\\Konstruksi dan Evolusi\\movieDB\\movie\\vendor\\laravel\\framework\\src\\Illuminate\\Container\\BoundMethod.php(36): Illuminate\\Foundation\\Console\\KeyGenerateCommand->handle()
#6 D:\\Kuliah SMT4 - TRPL 2D\\Konstruksi dan Evolusi\\movieDB\\movie\\vendor\\laravel\\framework\\src\\Illuminate\\Container\\Util.php(41): Illuminate\\Container\\BoundMethod::Illuminate\\Container\\{closure}()
#7 D:\\Kuliah SMT4 - TRPL 2D\\Konstruksi dan Evolusi\\movieDB\\movie\\vendor\\laravel\\framework\\src\\Illuminate\\Container\\BoundMethod.php(93): Illuminate\\Container\\Util::unwrapIfClosure(Object(Closure))
#8 D:\\Kuliah SMT4 - TRPL 2D\\Konstruksi dan Evolusi\\movieDB\\movie\\vendor\\laravel\\framework\\src\\Illuminate\\Container\\BoundMethod.php(35): Illuminate\\Container\\BoundMethod::callBoundMethod(Object(Illuminate\\Foundation\\Application), Array, Object(Closure))
#9 D:\\Kuliah SMT4 - TRPL 2D\\Konstruksi dan Evolusi\\movieDB\\movie\\vendor\\laravel\\framework\\src\\Illuminate\\Container\\Container.php(662): Illuminate\\Container\\BoundMethod::call(Object(Illuminate\\Foundation\\Application), Array, Array, NULL)
#10 D:\\Kuliah SMT4 - TRPL 2D\\Konstruksi dan Evolusi\\movieDB\\movie\\vendor\\laravel\\framework\\src\\Illuminate\\Console\\Command.php(211): Illuminate\\Container\\Container->call(Array)
#11 D:\\Kuliah SMT4 - TRPL 2D\\Konstruksi dan Evolusi\\movieDB\\movie\\vendor\\symfony\\console\\Command\\Command.php(326): Illuminate\\Console\\Command->execute(Object(Symfony\\Component\\Console\\Input\\ArgvInput), Object(Illuminate\\Console\\OutputStyle))
#12 D:\\Kuliah SMT4 - TRPL 2D\\Konstruksi dan Evolusi\\movieDB\\movie\\vendor\\laravel\\framework\\src\\Illuminate\\Console\\Command.php(180): Symfony\\Component\\Console\\Command\\Command->run(Object(Symfony\\Component\\Console\\Input\\ArgvInput), Object(Illuminate\\Console\\OutputStyle))
#13 D:\\Kuliah SMT4 - TRPL 2D\\Konstruksi dan Evolusi\\movieDB\\movie\\vendor\\symfony\\console\\Application.php(1096): Illuminate\\Console\\Command->run(Object(Symfony\\Component\\Console\\Input\\ArgvInput), Object(Symfony\\Component\\Console\\Output\\ConsoleOutput))
#14 D:\\Kuliah SMT4 - TRPL 2D\\Konstruksi dan Evolusi\\movieDB\\movie\\vendor\\symfony\\console\\Application.php(324): Symfony\\Component\\Console\\Application->doRunCommand(Object(Illuminate\\Foundation\\Console\\KeyGenerateCommand), Object(Symfony\\Component\\Console\\Input\\ArgvInput), Object(Symfony\\Component\\Console\\Output\\ConsoleOutput))
#15 D:\\Kuliah SMT4 - TRPL 2D\\Konstruksi dan Evolusi\\movieDB\\movie\\vendor\\symfony\\console\\Application.php(175): Symfony\\Component\\Console\\Application->doRun(Object(Symfony\\Component\\Console\\Input\\ArgvInput), Object(Symfony\\Component\\Console\\Output\\ConsoleOutput))
#16 D:\\Kuliah SMT4 - TRPL 2D\\Konstruksi dan Evolusi\\movieDB\\movie\\vendor\\laravel\\framework\\src\\Illuminate\\Foundation\\Console\\Kernel.php(201): Symfony\\Component\\Console\\Application->run(Object(Symfony\\Component\\Console\\Input\\ArgvInput), Object(Symfony\\Component\\Console\\Output\\ConsoleOutput))
#17 D:\\Kuliah SMT4 - TRPL 2D\\Konstruksi dan Evolusi\\movieDB\\movie\\artisan(35): Illuminate\\Foundation\\Console\\Kernel->handle(Object(Symfony\\Component\\Console\\Input\\ArgvInput), Object(Symfony\\Component\\Console\\Output\\ConsoleOutput))
#18 {main}
"} 
[2025-03-20 02:09:50] local.ERROR: Route [movies.index] not defined. {"exception":"[object] (Symfony\\Component\\Routing\\Exception\\RouteNotFoundException(code: 0): Route [movies.index] not defined. at D:\\Kuliah SMT4 - TRPL 2D\\Konstruksi dan Evolusi\\movieDB\\movie\\vendor\\laravel\\framework\\src\\Illuminate\\Routing\\UrlGenerator.php:477)
[stacktrace]
#0 D:\\Kuliah SMT4 - TRPL 2D\\Konstruksi dan Evolusi\\movieDB\\movie\\vendor\\laravel\\framework\\src\\Illuminate\\Routing\\Redirector.php(154): Illuminate\\Routing\\UrlGenerator->route('movies.index', Array)
#1 D:\\Kuliah SMT4 - TRPL 2D\\Konstruksi dan Evolusi\\movieDB\\movie\\app\\Http\\Controllers\\MovieController.php(55): Illuminate\\Routing\\Redirector->route('movies.index')
#2 D:\\Kuliah SMT4 - TRPL 2D\\Konstruksi dan Evolusi\\movieDB\\movie\\vendor\\laravel\\framework\\src\\Illuminate\\Routing\\Controller.php(54): App\\Http\\Controllers\\MovieController->store(Object(App\\Http\\Requests\\StoreMovieRequest))
#3 D:\\Kuliah SMT4 - TRPL 2D\\Konstruksi dan Evolusi\\movieDB\\movie\\vendor\\laravel\\framework\\src\\Illuminate\\Routing\\ControllerDispatcher.php(43): Illuminate\\Routing\\Controller->callAction('store', Array)
#4 D:\\Kuliah SMT4 - TRPL 2D\\Konstruksi dan Evolusi\\movieDB\\movie\\vendor\\laravel\\framework\\src\\Illuminate\\Routing\\Route.php(259): Illuminate\\Routing\\ControllerDispatcher->dispatch(Object(Illuminate\\Routing\\Route), Object(App\\Http\\Controllers\\MovieController), 'store')
#5 D:\\Kuliah SMT4 - TRPL 2D\\Konstruksi dan Evolusi\\movieDB\\movie\\vendor\\laravel\\framework\\src\\Illuminate\\Routing\\Route.php(205): Illuminate\\Routing\\Route->runController()
#6 D:\\Kuliah SMT4 - TRPL 2D\\Konstruksi dan Evolusi\\movieDB\\movie\\vendor\\laravel\\framework\\src\\Illuminate\\Routing\\Router.php(806): Illuminate\\Routing\\Route->run()
#7 D:\\Kuliah SMT4 - TRPL 2D\\Konstruksi dan Evolusi\\movieDB\\movie\\vendor\\laravel\\framework\\src\\Illuminate\\Pipeline\\Pipeline.php(144): Illuminate\\Routing\\Router->Illuminate\\Routing\\{closure}(Object(Illuminate\\Http\\Request))
#8 D:\\Kuliah SMT4 - TRPL 2D\\Konstruksi dan Evolusi\\movieDB\\movie\\vendor\\laravel\\framework\\src\\Illuminate\\Routing\\Middleware\\SubstituteBindings.php(50): Illuminate\\Pipeline\\Pipeline->Illuminate\\Pipeline\\{closure}(Object(Illuminate\\Http\\Request))
#9 D:\\Kuliah SMT4 - TRPL 2D\\Konstruksi dan Evolusi\\movieDB\\movie\\vendor\\laravel\\framework\\src\\Illuminate\\Pipeline\\Pipeline.php(183): Illuminate\\Routing\\Middleware\\SubstituteBindings->handle(Object(Illuminate\\Http\\Request), Object(Closure))
#10 D:\\Kuliah SMT4 - TRPL 2D\\Konstruksi dan Evolusi\\movieDB\\movie\\vendor\\laravel\\framework\\src\\Illuminate\\Foundation\\Http\\Middleware\\VerifyCsrfToken.php(78): Illuminate\\Pipeline\\Pipeline->Illuminate\\Pipeline\\{closure}(Object(Illuminate\\Http\\Request))
#11 D:\\Kuliah SMT4 - TRPL 2D\\Konstruksi dan Evolusi\\movieDB\\movie\\vendor\\laravel\\framework\\src\\Illuminate\\Pipeline\\Pipeline.php(183): Illuminate\\Foundation\\Http\\Middleware\\VerifyCsrfToken->handle(Object(Illuminate\\Http\\Request), Object(Closure))
#12 D:\\Kuliah SMT4 - TRPL 2D\\Konstruksi dan Evolusi\\movieDB\\movie\\vendor\\laravel\\framework\\src\\Illuminate\\View\\Middleware\\ShareErrorsFromSession.php(49): Illuminate\\Pipeline\\Pipeline->Illuminate\\Pipeline\\{closure}(Object(Illuminate\\Http\\Request))
#13 D:\\Kuliah SMT4 - TRPL 2D\\Konstruksi dan Evolusi\\movieDB\\movie\\vendor\\laravel\\framework\\src\\Illuminate\\Pipeline\\Pipeline.php(183): Illuminate\\View\\Middleware\\ShareErrorsFromSession->handle(Object(Illuminate\\Http\\Request), Object(Closure))
#14 D:\\Kuliah SMT4 - TRPL 2D\\Konstruksi dan Evolusi\\movieDB\\movie\\vendor\\laravel\\framework\\src\\Illuminate\\Session\\Middleware\\StartSession.php(121): Illuminate\\Pipeline\\Pipeline->Illuminate\\Pipeline\\{closure}(Object(Illuminate\\Http\\Request))
#15 D:\\Kuliah SMT4 - TRPL 2D\\Konstruksi dan Evolusi\\movieDB\\movie\\vendor\\laravel\\framework\\src\\Illuminate\\Session\\Middleware\\StartSession.php(64): Illuminate\\Session\\Middleware\\StartSession->handleStatefulRequest(Object(Illuminate\\Http\\Request), Object(Illuminate\\Session\\Store), Object(Closure))
#16 D:\\Kuliah SMT4 - TRPL 2D\\Konstruksi dan Evolusi\\movieDB\\movie\\vendor\\laravel\\framework\\src\\Illuminate\\Pipeline\\Pipeline.php(183): Illuminate\\Session\\Middleware\\StartSession->handle(Object(Illuminate\\Http\\Request), Object(Closure))
#17 D:\\Kuliah SMT4 - TRPL 2D\\Konstruksi dan Evolusi\\movieDB\\movie\\vendor\\laravel\\framework\\src\\Illuminate\\Cookie\\Middleware\\AddQueuedCookiesToResponse.php(37): Illuminate\\Pipeline\\Pipeline->Illuminate\\Pipeline\\{closure}(Object(Illuminate\\Http\\Request))
#18 D:\\Kuliah SMT4 - TRPL 2D\\Konstruksi dan Evolusi\\movieDB\\movie\\vendor\\laravel\\framework\\src\\Illuminate\\Pipeline\\Pipeline.php(183): Illuminate\\Cookie\\Middleware\\AddQueuedCookiesToResponse->handle(Object(Illuminate\\Http\\Request), Object(Closure))
#19 D:\\Kuliah SMT4 - TRPL 2D\\Konstruksi dan Evolusi\\movieDB\\movie\\vendor\\laravel\\framework\\src\\Illuminate\\Cookie\\Middleware\\EncryptCookies.php(67): Illuminate\\Pipeline\\Pipeline->Illuminate\\Pipeline\\{closure}(Object(Illuminate\\Http\\Request))
#20 D:\\Kuliah SMT4 - TRPL 2D\\Konstruksi dan Evolusi\\movieDB\\movie\\vendor\\laravel\\framework\\src\\Illuminate\\Pipeline\\Pipeline.php(183): Illuminate\\Cookie\\Middleware\\EncryptCookies->handle(Object(Illuminate\\Http\\Request), Object(Closure))
#21 D:\\Kuliah SMT4 - TRPL 2D\\Konstruksi dan Evolusi\\movieDB\\movie\\vendor\\laravel\\framework\\src\\Illuminate\\Pipeline\\Pipeline.php(119): Illuminate\\Pipeline\\Pipeline->Illuminate\\Pipeline\\{closure}(Object(Illuminate\\Http\\Request))
#22 D:\\Kuliah SMT4 - TRPL 2D\\Konstruksi dan Evolusi\\movieDB\\movie\\vendor\\laravel\\framework\\src\\Illuminate\\Routing\\Router.php(805): Illuminate\\Pipeline\\Pipeline->then(Object(Closure))
#23 D:\\Kuliah SMT4 - TRPL 2D\\Konstruksi dan Evolusi\\movieDB\\movie\\vendor\\laravel\\framework\\src\\Illuminate\\Routing\\Router.php(784): Illuminate\\Routing\\Router->runRouteWithinStack(Object(Illuminate\\Routing\\Route), Object(Illuminate\\Http\\Request))
#24 D:\\Kuliah SMT4 - TRPL 2D\\Konstruksi dan Evolusi\\movieDB\\movie\\vendor\\laravel\\framework\\src\\Illuminate\\Routing\\Router.php(748): Illuminate\\Routing\\Router->runRoute(Object(Illuminate\\Http\\Request), Object(Illuminate\\Routing\\Route))
#25 D:\\Kuliah SMT4 - TRPL 2D\\Konstruksi dan Evolusi\\movieDB\\movie\\vendor\\laravel\\framework\\src\\Illuminate\\Routing\\Router.php(737): Illuminate\\Routing\\Router->dispatchToRoute(Object(Illuminate\\Http\\Request))
#26 D:\\Kuliah SMT4 - TRPL 2D\\Konstruksi dan Evolusi\\movieDB\\movie\\vendor\\laravel\\framework\\src\\Illuminate\\Foundation\\Http\\Kernel.php(200): Illuminate\\Routing\\Router->dispatch(Object(Illuminate\\Http\\Request))
#27 D:\\Kuliah SMT4 - TRPL 2D\\Konstruksi dan Evolusi\\movieDB\\movie\\vendor\\laravel\\framework\\src\\Illuminate\\Pipeline\\Pipeline.php(144): Illuminate\\Foundation\\Http\\Kernel->Illuminate\\Foundation\\Http\\{closure}(Object(Illuminate\\Http\\Request))
#28 D:\\Kuliah SMT4 - TRPL 2D\\Konstruksi dan Evolusi\\movieDB\\movie\\vendor\\laravel\\framework\\src\\Illuminate\\Foundation\\Http\\Middleware\\TransformsRequest.php(21): Illuminate\\Pipeline\\Pipeline->Illuminate\\Pipeline\\{closure}(Object(Illuminate\\Http\\Request))
#29 D:\\Kuliah SMT4 - TRPL 2D\\Konstruksi dan Evolusi\\movieDB\\movie\\vendor\\laravel\\framework\\src\\Illuminate\\Foundation\\Http\\Middleware\\ConvertEmptyStringsToNull.php(31): Illuminate\\Foundation\\Http\\Middleware\\TransformsRequest->handle(Object(Illuminate\\Http\\Request), Object(Closure))
#30 D:\\Kuliah SMT4 - TRPL 2D\\Konstruksi dan Evolusi\\movieDB\\movie\\vendor\\laravel\\framework\\src\\Illuminate\\Pipeline\\Pipeline.php(183): Illuminate\\Foundation\\Http\\Middleware\\ConvertEmptyStringsToNull->handle(Object(Illuminate\\Http\\Request), Object(Closure))
#31 D:\\Kuliah SMT4 - TRPL 2D\\Konstruksi dan Evolusi\\movieDB\\movie\\vendor\\laravel\\framework\\src\\Illuminate\\Foundation\\Http\\Middleware\\TransformsRequest.php(21): Illuminate\\Pipeline\\Pipeline->Illuminate\\Pipeline\\{closure}(Object(Illuminate\\Http\\Request))
#32 D:\\Kuliah SMT4 - TRPL 2D\\Konstruksi dan Evolusi\\movieDB\\movie\\vendor\\laravel\\framework\\src\\Illuminate\\Foundation\\Http\\Middleware\\TrimStrings.php(40): Illuminate\\Foundation\\Http\\Middleware\\TransformsRequest->handle(Object(Illuminate\\Http\\Request), Object(Closure))
#33 D:\\Kuliah SMT4 - TRPL 2D\\Konstruksi dan Evolusi\\movieDB\\movie\\vendor\\laravel\\framework\\src\\Illuminate\\Pipeline\\Pipeline.php(183): Illuminate\\Foundation\\Http\\Middleware\\TrimStrings->handle(Object(Illuminate\\Http\\Request), Object(Closure))
#34 D:\\Kuliah SMT4 - TRPL 2D\\Konstruksi dan Evolusi\\movieDB\\movie\\vendor\\laravel\\framework\\src\\Illuminate\\Foundation\\Http\\Middleware\\ValidatePostSize.php(27): Illuminate\\Pipeline\\Pipeline->Illuminate\\Pipeline\\{closure}(Object(Illuminate\\Http\\Request))
#35 D:\\Kuliah SMT4 - TRPL 2D\\Konstruksi dan Evolusi\\movieDB\\movie\\vendor\\laravel\\framework\\src\\Illuminate\\Pipeline\\Pipeline.php(183): Illuminate\\Foundation\\Http\\Middleware\\ValidatePostSize->handle(Object(Illuminate\\Http\\Request), Object(Closure))
#36 D:\\Kuliah SMT4 - TRPL 2D\\Konstruksi dan Evolusi\\movieDB\\movie\\vendor\\laravel\\framework\\src\\Illuminate\\Foundation\\Http\\Middleware\\PreventRequestsDuringMaintenance.php(99): Illuminate\\Pipeline\\Pipeline->Illuminate\\Pipeline\\{closure}(Object(Illuminate\\Http\\Request))
#37 D:\\Kuliah SMT4 - TRPL 2D\\Konstruksi dan Evolusi\\movieDB\\movie\\vendor\\laravel\\framework\\src\\Illuminate\\Pipeline\\Pipeline.php(183): Illuminate\\Foundation\\Http\\Middleware\\PreventRequestsDuringMaintenance->handle(Object(Illuminate\\Http\\Request), Object(Closure))
#38 D:\\Kuliah SMT4 - TRPL 2D\\Konstruksi dan Evolusi\\movieDB\\movie\\vendor\\laravel\\framework\\src\\Illuminate\\Http\\Middleware\\HandleCors.php(49): Illuminate\\Pipeline\\Pipeline->Illuminate\\Pipeline\\{closure}(Object(Illuminate\\Http\\Request))
#39 D:\\Kuliah SMT4 - TRPL 2D\\Konstruksi dan Evolusi\\movieDB\\movie\\vendor\\laravel\\framework\\src\\Illuminate\\Pipeline\\Pipeline.php(183): Illuminate\\Http\\Middleware\\HandleCors->handle(Object(Illuminate\\Http\\Request), Object(Closure))
#40 D:\\Kuliah SMT4 - TRPL 2D\\Konstruksi dan Evolusi\\movieDB\\movie\\vendor\\laravel\\framework\\src\\Illuminate\\Http\\Middleware\\TrustProxies.php(39): Illuminate\\Pipeline\\Pipeline->Illuminate\\Pipeline\\{closure}(Object(Illuminate\\Http\\Request))
#41 D:\\Kuliah SMT4 - TRPL 2D\\Konstruksi dan Evolusi\\movieDB\\movie\\vendor\\laravel\\framework\\src\\Illuminate\\Pipeline\\Pipeline.php(183): Illuminate\\Http\\Middleware\\TrustProxies->handle(Object(Illuminate\\Http\\Request), Object(Closure))
#42 D:\\Kuliah SMT4 - TRPL 2D\\Konstruksi dan Evolusi\\movieDB\\movie\\vendor\\laravel\\framework\\src\\Illuminate\\Pipeline\\Pipeline.php(119): Illuminate\\Pipeline\\Pipeline->Illuminate\\Pipeline\\{closure}(Object(Illuminate\\Http\\Request))
#43 D:\\Kuliah SMT4 - TRPL 2D\\Konstruksi dan Evolusi\\movieDB\\movie\\vendor\\laravel\\framework\\src\\Illuminate\\Foundation\\Http\\Kernel.php(175): Illuminate\\Pipeline\\Pipeline->then(Object(Closure))
#44 D:\\Kuliah SMT4 - TRPL 2D\\Konstruksi dan Evolusi\\movieDB\\movie\\vendor\\laravel\\framework\\src\\Illuminate\\Foundation\\Http\\Kernel.php(144): Illuminate\\Foundation\\Http\\Kernel->sendRequestThroughRouter(Object(Illuminate\\Http\\Request))
#45 D:\\Kuliah SMT4 - TRPL 2D\\Konstruksi dan Evolusi\\movieDB\\movie\\public\\index.php(51): Illuminate\\Foundation\\Http\\Kernel->handle(Object(Illuminate\\Http\\Request))
#46 D:\\Kuliah SMT4 - TRPL 2D\\Konstruksi dan Evolusi\\movieDB\\movie\\vendor\\laravel\\framework\\src\\Illuminate\\Foundation\\resources\\server.php(16): require_once('D:\\\\Kuliah SMT4 ...')
#47 {main}
"} 
[2025-03-20 02:12:27] local.ERROR: Route [/] not defined. {"exception":"[object] (Symfony\\Component\\Routing\\Exception\\RouteNotFoundException(code: 0): Route [/] not defined. at D:\\Kuliah SMT4 - TRPL 2D\\Konstruksi dan Evolusi\\movieDB\\movie\\vendor\\laravel\\framework\\src\\Illuminate\\Routing\\UrlGenerator.php:477)
[stacktrace]
#0 D:\\Kuliah SMT4 - TRPL 2D\\Konstruksi dan Evolusi\\movieDB\\movie\\vendor\\laravel\\framework\\src\\Illuminate\\Routing\\Redirector.php(154): Illuminate\\Routing\\UrlGenerator->route('/', Array)
#1 D:\\Kuliah SMT4 - TRPL 2D\\Konstruksi dan Evolusi\\movieDB\\movie\\app\\Http\\Controllers\\MovieController.php(55): Illuminate\\Routing\\Redirector->route('/')
#2 D:\\Kuliah SMT4 - TRPL 2D\\Konstruksi dan Evolusi\\movieDB\\movie\\vendor\\laravel\\framework\\src\\Illuminate\\Routing\\Controller.php(54): App\\Http\\Controllers\\MovieController->store(Object(App\\Http\\Requests\\StoreMovieRequest))
#3 D:\\Kuliah SMT4 - TRPL 2D\\Konstruksi dan Evolusi\\movieDB\\movie\\vendor\\laravel\\framework\\src\\Illuminate\\Routing\\ControllerDispatcher.php(43): Illuminate\\Routing\\Controller->callAction('store', Array)
#4 D:\\Kuliah SMT4 - TRPL 2D\\Konstruksi dan Evolusi\\movieDB\\movie\\vendor\\laravel\\framework\\src\\Illuminate\\Routing\\Route.php(259): Illuminate\\Routing\\ControllerDispatcher->dispatch(Object(Illuminate\\Routing\\Route), Object(App\\Http\\Controllers\\MovieController), 'store')
#5 D:\\Kuliah SMT4 - TRPL 2D\\Konstruksi dan Evolusi\\movieDB\\movie\\vendor\\laravel\\framework\\src\\Illuminate\\Routing\\Route.php(205): Illuminate\\Routing\\Route->runController()
#6 D:\\Kuliah SMT4 - TRPL 2D\\Konstruksi dan Evolusi\\movieDB\\movie\\vendor\\laravel\\framework\\src\\Illuminate\\Routing\\Router.php(806): Illuminate\\Routing\\Route->run()
#7 D:\\Kuliah SMT4 - TRPL 2D\\Konstruksi dan Evolusi\\movieDB\\movie\\vendor\\laravel\\framework\\src\\Illuminate\\Pipeline\\Pipeline.php(144): Illuminate\\Routing\\Router->Illuminate\\Routing\\{closure}(Object(Illuminate\\Http\\Request))
#8 D:\\Kuliah SMT4 - TRPL 2D\\Konstruksi dan Evolusi\\movieDB\\movie\\vendor\\laravel\\framework\\src\\Illuminate\\Routing\\Middleware\\SubstituteBindings.php(50): Illuminate\\Pipeline\\Pipeline->Illuminate\\Pipeline\\{closure}(Object(Illuminate\\Http\\Request))
#9 D:\\Kuliah SMT4 - TRPL 2D\\Konstruksi dan Evolusi\\movieDB\\movie\\vendor\\laravel\\framework\\src\\Illuminate\\Pipeline\\Pipeline.php(183): Illuminate\\Routing\\Middleware\\SubstituteBindings->handle(Object(Illuminate\\Http\\Request), Object(Closure))
#10 D:\\Kuliah SMT4 - TRPL 2D\\Konstruksi dan Evolusi\\movieDB\\movie\\vendor\\laravel\\framework\\src\\Illuminate\\Foundation\\Http\\Middleware\\VerifyCsrfToken.php(78): Illuminate\\Pipeline\\Pipeline->Illuminate\\Pipeline\\{closure}(Object(Illuminate\\Http\\Request))
#11 D:\\Kuliah SMT4 - TRPL 2D\\Konstruksi dan Evolusi\\movieDB\\movie\\vendor\\laravel\\framework\\src\\Illuminate\\Pipeline\\Pipeline.php(183): Illuminate\\Foundation\\Http\\Middleware\\VerifyCsrfToken->handle(Object(Illuminate\\Http\\Request), Object(Closure))
#12 D:\\Kuliah SMT4 - TRPL 2D\\Konstruksi dan Evolusi\\movieDB\\movie\\vendor\\laravel\\framework\\src\\Illuminate\\View\\Middleware\\ShareErrorsFromSession.php(49): Illuminate\\Pipeline\\Pipeline->Illuminate\\Pipeline\\{closure}(Object(Illuminate\\Http\\Request))
#13 D:\\Kuliah SMT4 - TRPL 2D\\Konstruksi dan Evolusi\\movieDB\\movie\\vendor\\laravel\\framework\\src\\Illuminate\\Pipeline\\Pipeline.php(183): Illuminate\\View\\Middleware\\ShareErrorsFromSession->handle(Object(Illuminate\\Http\\Request), Object(Closure))
#14 D:\\Kuliah SMT4 - TRPL 2D\\Konstruksi dan Evolusi\\movieDB\\movie\\vendor\\laravel\\framework\\src\\Illuminate\\Session\\Middleware\\StartSession.php(121): Illuminate\\Pipeline\\Pipeline->Illuminate\\Pipeline\\{closure}(Object(Illuminate\\Http\\Request))
#15 D:\\Kuliah SMT4 - TRPL 2D\\Konstruksi dan Evolusi\\movieDB\\movie\\vendor\\laravel\\framework\\src\\Illuminate\\Session\\Middleware\\StartSession.php(64): Illuminate\\Session\\Middleware\\StartSession->handleStatefulRequest(Object(Illuminate\\Http\\Request), Object(Illuminate\\Session\\Store), Object(Closure))
#16 D:\\Kuliah SMT4 - TRPL 2D\\Konstruksi dan Evolusi\\movieDB\\movie\\vendor\\laravel\\framework\\src\\Illuminate\\Pipeline\\Pipeline.php(183): Illuminate\\Session\\Middleware\\StartSession->handle(Object(Illuminate\\Http\\Request), Object(Closure))
#17 D:\\Kuliah SMT4 - TRPL 2D\\Konstruksi dan Evolusi\\movieDB\\movie\\vendor\\laravel\\framework\\src\\Illuminate\\Cookie\\Middleware\\AddQueuedCookiesToResponse.php(37): Illuminate\\Pipeline\\Pipeline->Illuminate\\Pipeline\\{closure}(Object(Illuminate\\Http\\Request))
#18 D:\\Kuliah SMT4 - TRPL 2D\\Konstruksi dan Evolusi\\movieDB\\movie\\vendor\\laravel\\framework\\src\\Illuminate\\Pipeline\\Pipeline.php(183): Illuminate\\Cookie\\Middleware\\AddQueuedCookiesToResponse->handle(Object(Illuminate\\Http\\Request), Object(Closure))
#19 D:\\Kuliah SMT4 - TRPL 2D\\Konstruksi dan Evolusi\\movieDB\\movie\\vendor\\laravel\\framework\\src\\Illuminate\\Cookie\\Middleware\\EncryptCookies.php(67): Illuminate\\Pipeline\\Pipeline->Illuminate\\Pipeline\\{closure}(Object(Illuminate\\Http\\Request))
#20 D:\\Kuliah SMT4 - TRPL 2D\\Konstruksi dan Evolusi\\movieDB\\movie\\vendor\\laravel\\framework\\src\\Illuminate\\Pipeline\\Pipeline.php(183): Illuminate\\Cookie\\Middleware\\EncryptCookies->handle(Object(Illuminate\\Http\\Request), Object(Closure))
#21 D:\\Kuliah SMT4 - TRPL 2D\\Konstruksi dan Evolusi\\movieDB\\movie\\vendor\\laravel\\framework\\src\\Illuminate\\Pipeline\\Pipeline.php(119): Illuminate\\Pipeline\\Pipeline->Illuminate\\Pipeline\\{closure}(Object(Illuminate\\Http\\Request))
#22 D:\\Kuliah SMT4 - TRPL 2D\\Konstruksi dan Evolusi\\movieDB\\movie\\vendor\\laravel\\framework\\src\\Illuminate\\Routing\\Router.php(805): Illuminate\\Pipeline\\Pipeline->then(Object(Closure))
#23 D:\\Kuliah SMT4 - TRPL 2D\\Konstruksi dan Evolusi\\movieDB\\movie\\vendor\\laravel\\framework\\src\\Illuminate\\Routing\\Router.php(784): Illuminate\\Routing\\Router->runRouteWithinStack(Object(Illuminate\\Routing\\Route), Object(Illuminate\\Http\\Request))
#24 D:\\Kuliah SMT4 - TRPL 2D\\Konstruksi dan Evolusi\\movieDB\\movie\\vendor\\laravel\\framework\\src\\Illuminate\\Routing\\Router.php(748): Illuminate\\Routing\\Router->runRoute(Object(Illuminate\\Http\\Request), Object(Illuminate\\Routing\\Route))
#25 D:\\Kuliah SMT4 - TRPL 2D\\Konstruksi dan Evolusi\\movieDB\\movie\\vendor\\laravel\\framework\\src\\Illuminate\\Routing\\Router.php(737): Illuminate\\Routing\\Router->dispatchToRoute(Object(Illuminate\\Http\\Request))
#26 D:\\Kuliah SMT4 - TRPL 2D\\Konstruksi dan Evolusi\\movieDB\\movie\\vendor\\laravel\\framework\\src\\Illuminate\\Foundation\\Http\\Kernel.php(200): Illuminate\\Routing\\Router->dispatch(Object(Illuminate\\Http\\Request))
#27 D:\\Kuliah SMT4 - TRPL 2D\\Konstruksi dan Evolusi\\movieDB\\movie\\vendor\\laravel\\framework\\src\\Illuminate\\Pipeline\\Pipeline.php(144): Illuminate\\Foundation\\Http\\Kernel->Illuminate\\Foundation\\Http\\{closure}(Object(Illuminate\\Http\\Request))
#28 D:\\Kuliah SMT4 - TRPL 2D\\Konstruksi dan Evolusi\\movieDB\\movie\\vendor\\laravel\\framework\\src\\Illuminate\\Foundation\\Http\\Middleware\\TransformsRequest.php(21): Illuminate\\Pipeline\\Pipeline->Illuminate\\Pipeline\\{closure}(Object(Illuminate\\Http\\Request))
#29 D:\\Kuliah SMT4 - TRPL 2D\\Konstruksi dan Evolusi\\movieDB\\movie\\vendor\\laravel\\framework\\src\\Illuminate\\Foundation\\Http\\Middleware\\ConvertEmptyStringsToNull.php(31): Illuminate\\Foundation\\Http\\Middleware\\TransformsRequest->handle(Object(Illuminate\\Http\\Request), Object(Closure))
#30 D:\\Kuliah SMT4 - TRPL 2D\\Konstruksi dan Evolusi\\movieDB\\movie\\vendor\\laravel\\framework\\src\\Illuminate\\Pipeline\\Pipeline.php(183): Illuminate\\Foundation\\Http\\Middleware\\ConvertEmptyStringsToNull->handle(Object(Illuminate\\Http\\Request), Object(Closure))
#31 D:\\Kuliah SMT4 - TRPL 2D\\Konstruksi dan Evolusi\\movieDB\\movie\\vendor\\laravel\\framework\\src\\Illuminate\\Foundation\\Http\\Middleware\\TransformsRequest.php(21): Illuminate\\Pipeline\\Pipeline->Illuminate\\Pipeline\\{closure}(Object(Illuminate\\Http\\Request))
#32 D:\\Kuliah SMT4 - TRPL 2D\\Konstruksi dan Evolusi\\movieDB\\movie\\vendor\\laravel\\framework\\src\\Illuminate\\Foundation\\Http\\Middleware\\TrimStrings.php(40): Illuminate\\Foundation\\Http\\Middleware\\TransformsRequest->handle(Object(Illuminate\\Http\\Request), Object(Closure))
#33 D:\\Kuliah SMT4 - TRPL 2D\\Konstruksi dan Evolusi\\movieDB\\movie\\vendor\\laravel\\framework\\src\\Illuminate\\Pipeline\\Pipeline.php(183): Illuminate\\Foundation\\Http\\Middleware\\TrimStrings->handle(Object(Illuminate\\Http\\Request), Object(Closure))
#34 D:\\Kuliah SMT4 - TRPL 2D\\Konstruksi dan Evolusi\\movieDB\\movie\\vendor\\laravel\\framework\\src\\Illuminate\\Foundation\\Http\\Middleware\\ValidatePostSize.php(27): Illuminate\\Pipeline\\Pipeline->Illuminate\\Pipeline\\{closure}(Object(Illuminate\\Http\\Request))
#35 D:\\Kuliah SMT4 - TRPL 2D\\Konstruksi dan Evolusi\\movieDB\\movie\\vendor\\laravel\\framework\\src\\Illuminate\\Pipeline\\Pipeline.php(183): Illuminate\\Foundation\\Http\\Middleware\\ValidatePostSize->handle(Object(Illuminate\\Http\\Request), Object(Closure))
#36 D:\\Kuliah SMT4 - TRPL 2D\\Konstruksi dan Evolusi\\movieDB\\movie\\vendor\\laravel\\framework\\src\\Illuminate\\Foundation\\Http\\Middleware\\PreventRequestsDuringMaintenance.php(99): Illuminate\\Pipeline\\Pipeline->Illuminate\\Pipeline\\{closure}(Object(Illuminate\\Http\\Request))
#37 D:\\Kuliah SMT4 - TRPL 2D\\Konstruksi dan Evolusi\\movieDB\\movie\\vendor\\laravel\\framework\\src\\Illuminate\\Pipeline\\Pipeline.php(183): Illuminate\\Foundation\\Http\\Middleware\\PreventRequestsDuringMaintenance->handle(Object(Illuminate\\Http\\Request), Object(Closure))
#38 D:\\Kuliah SMT4 - TRPL 2D\\Konstruksi dan Evolusi\\movieDB\\movie\\vendor\\laravel\\framework\\src\\Illuminate\\Http\\Middleware\\HandleCors.php(49): Illuminate\\Pipeline\\Pipeline->Illuminate\\Pipeline\\{closure}(Object(Illuminate\\Http\\Request))
#39 D:\\Kuliah SMT4 - TRPL 2D\\Konstruksi dan Evolusi\\movieDB\\movie\\vendor\\laravel\\framework\\src\\Illuminate\\Pipeline\\Pipeline.php(183): Illuminate\\Http\\Middleware\\HandleCors->handle(Object(Illuminate\\Http\\Request), Object(Closure))
#40 D:\\Kuliah SMT4 - TRPL 2D\\Konstruksi dan Evolusi\\movieDB\\movie\\vendor\\laravel\\framework\\src\\Illuminate\\Http\\Middleware\\TrustProxies.php(39): Illuminate\\Pipeline\\Pipeline->Illuminate\\Pipeline\\{closure}(Object(Illuminate\\Http\\Request))
#41 D:\\Kuliah SMT4 - TRPL 2D\\Konstruksi dan Evolusi\\movieDB\\movie\\vendor\\laravel\\framework\\src\\Illuminate\\Pipeline\\Pipeline.php(183): Illuminate\\Http\\Middleware\\TrustProxies->handle(Object(Illuminate\\Http\\Request), Object(Closure))
#42 D:\\Kuliah SMT4 - TRPL 2D\\Konstruksi dan Evolusi\\movieDB\\movie\\vendor\\laravel\\framework\\src\\Illuminate\\Pipeline\\Pipeline.php(119): Illuminate\\Pipeline\\Pipeline->Illuminate\\Pipeline\\{closure}(Object(Illuminate\\Http\\Request))
#43 D:\\Kuliah SMT4 - TRPL 2D\\Konstruksi dan Evolusi\\movieDB\\movie\\vendor\\laravel\\framework\\src\\Illuminate\\Foundation\\Http\\Kernel.php(175): Illuminate\\Pipeline\\Pipeline->then(Object(Closure))
#44 D:\\Kuliah SMT4 - TRPL 2D\\Konstruksi dan Evolusi\\movieDB\\movie\\vendor\\laravel\\framework\\src\\Illuminate\\Foundation\\Http\\Kernel.php(144): Illuminate\\Foundation\\Http\\Kernel->sendRequestThroughRouter(Object(Illuminate\\Http\\Request))
#45 D:\\Kuliah SMT4 - TRPL 2D\\Konstruksi dan Evolusi\\movieDB\\movie\\public\\index.php(51): Illuminate\\Foundation\\Http\\Kernel->handle(Object(Illuminate\\Http\\Request))
#46 D:\\Kuliah SMT4 - TRPL 2D\\Konstruksi dan Evolusi\\movieDB\\movie\\vendor\\laravel\\framework\\src\\Illuminate\\Foundation\\resources\\server.php(16): require_once('D:\\\\Kuliah SMT4 ...')
#47 {main}
"} 
